<?xml version="1.0" encoding="UTF-8"?>
<!-- Generated by org.testng.reporters.JUnitReportReporter -->
<testsuite hostname="Sridevibalaji" failures="0" tests="1" name="Jenkins_Sample.Jenkins_Git" time="4.551" errors="0" timestamp="2024-07-20T20:00:57 EDT" skipped="0">
  <testcase classname="Jenkins_Sample.Jenkins_Git" name="test_Sample" time="4.551"/>
  <system-out/>
</testsuite> <!-- Jenkins_Sample.Jenkins_Git -->
